<?xml version="1.0" encoding="UTF-8"?>
<!-- Generated by org.testng.reporters.JUnitReportReporter -->
<testsuite hostname="DESKTOP-24M7K4D" failures="0" tests="1" name="com.bhim.npci.endtoend.HomeTest" time="42.467" errors="0" timestamp="2023-07-18T13:57:31 IST" skipped="0">
  <testcase classname="com.bhim.npci.endtoend.HomeTest" name="checkingBalanceAndVerifyTest" time="42.467">
    <system-out>
      <![CDATA[checkingBalanceAndVerifyTest--------TEST SCRIPT EXECUTION STARTED
checkingBalanceAndVerifyTest--------EXECUTED SUCCESSFULLY]]>
    </system-out>
  </testcase> <!-- checkingBalanceAndVerifyTest -->
  <system-out>
    <![CDATA[sendInvalidAmountTest--------TEST SCRIPT EXECUTION STARTED
sendInvalidAmountTest--------EXECUTED SUCCESSFULLY
enteringWrongPinWhileSendingMoneyTest--------TEST SCRIPT EXECUTION STARTED
enteringWrongPinWhileSendingMoneyTest--------EXECUTED SUCCESSFULLY
sendingMoneyToContactAndValidateBalanceTest--------TEST SCRIPT EXECUTION STARTED
sendingMoneyToContactAndValidateBalanceTest--------EXECUTED SUCCESSFULLY
checkingBalanceAndVerifyTest--------TEST SCRIPT EXECUTION STARTED
checkingBalanceAndVerifyTest--------EXECUTED SUCCESSFULLY
verifyLanguageTest--------TEST SCRIPT EXECUTION STARTED
verifyLanguageTest--------EXECUTED SUCCESSFULLY]]>
  </system-out>
</testsuite> <!-- com.bhim.npci.endtoend.HomeTest -->
