<?xml version="1.0" encoding="UTF-8"?>
<!-- Generated by org.testng.reporters.JUnitReportReporter -->
<testsuite hostname="DESKTOP-24M7K4D" failures="0" tests="3" name="com.bhim.npci.endtoend.TransactionTest" time="142.595" errors="0" timestamp="2023-07-18T13:57:31 IST" skipped="0">
  <testcase classname="com.bhim.npci.endtoend.TransactionTest" name="sendingMoneyToContactAndValidateBalanceTest" time="70.368">
    <system-out>
      <![CDATA[sendingMoneyToContactAndValidateBalanceTest--------TEST SCRIPT EXECUTION STARTED
sendingMoneyToContactAndValidateBalanceTest--------EXECUTED SUCCESSFULLY]]>
    </system-out>
  </testcase> <!-- sendingMoneyToContactAndValidateBalanceTest -->
  <testcase classname="com.bhim.npci.endtoend.TransactionTest" name="enteringWrongPinWhileSendingMoneyTest" time="38.593">
    <system-out>
      <![CDATA[enteringWrongPinWhileSendingMoneyTest--------TEST SCRIPT EXECUTION STARTED
enteringWrongPinWhileSendingMoneyTest--------EXECUTED SUCCESSFULLY]]>
    </system-out>
  </testcase> <!-- enteringWrongPinWhileSendingMoneyTest -->
  <testcase classname="com.bhim.npci.endtoend.TransactionTest" name="sendInvalidAmountTest" time="33.634">
    <system-out>
      <![CDATA[sendInvalidAmountTest--------TEST SCRIPT EXECUTION STARTED
sendInvalidAmountTest--------EXECUTED SUCCESSFULLY]]>
    </system-out>
  </testcase> <!-- sendInvalidAmountTest -->
  <system-out>
    <![CDATA[sendInvalidAmountTest--------TEST SCRIPT EXECUTION STARTED
sendInvalidAmountTest--------EXECUTED SUCCESSFULLY
enteringWrongPinWhileSendingMoneyTest--------TEST SCRIPT EXECUTION STARTED
enteringWrongPinWhileSendingMoneyTest--------EXECUTED SUCCESSFULLY
sendingMoneyToContactAndValidateBalanceTest--------TEST SCRIPT EXECUTION STARTED
sendingMoneyToContactAndValidateBalanceTest--------EXECUTED SUCCESSFULLY
checkingBalanceAndVerifyTest--------TEST SCRIPT EXECUTION STARTED
checkingBalanceAndVerifyTest--------EXECUTED SUCCESSFULLY
verifyLanguageTest--------TEST SCRIPT EXECUTION STARTED
verifyLanguageTest--------EXECUTED SUCCESSFULLY]]>
  </system-out>
</testsuite> <!-- com.bhim.npci.endtoend.TransactionTest -->
